<?xml version="1.0" encoding="UTF-8"?>
<testsuite xmlns:xsi="http://www.w3.org/2001/XMLSchema-instance" xsi:noNamespaceSchemaLocation="https://maven.apache.org/surefire/maven-surefire-plugin/xsd/surefire-test-report-3.0.xsd" version="3.0" name="bigevent.example.JwtTest" time="0.196" tests="1" errors="0" skipped="0" failures="0">
  <properties>
[...]
</properties>
  <testcase name="testGen" classname="bigevent.example.JwtTest" time="0.179">
    <system-out><![CDATA[eyJhbGciOiJIUzI1NiIsInR5cCI6IkpXVCJ9.eyJ1c2VyIjp7ImlkIjoxLCJ1c2VybmFtZSI6IuW8oOS4iSJ9LCJleHAiOjE3MzYxOTM3MzJ9.r-q9XDoJ3dD5MODad-SJJrhWFmDqd_fuQGP1AXYRHl4
]]></system-out>
  </testcase>
</testsuite>